C51 COMPILER V9.60.7.0   SYS                                                               06/03/2023 14:37:41 PAGE 1   


C51 COMPILER V9.60.7.0, COMPILATION OF MODULE SYS
OBJECT MODULE PLACED IN sys.obj
COMPILER INVOKED BY: D:\Keil_v5\C51\BIN\C51.EXE sys\sys.c LARGE OPTIMIZE(8,SPEED) BROWSE INCDIR(.\LDC1000) DEBUG OBJECTE
                    -XTEND PRINT(.\sys.lst) TABS(2) OBJECT(sys.obj)

line level    source

   1          #include <reg51.h>
   2          #include <intrins.h>
   3          #include "sys.h"
   4          void delayms(int count)  // /* X1ms */
   5          {
   6   1              int i,j;
   7   1              for(i=0;i<count;i++)
   8   1                      for(j=0;j<1000;j++);
   9   1      }


MODULE INFORMATION:   STATIC OVERLAYABLE
   CODE SIZE        =     38    ----
   CONSTANT SIZE    =   ----    ----
   XDATA SIZE       =   ----    ----
   PDATA SIZE       =   ----    ----
   DATA SIZE        =   ----    ----
   IDATA SIZE       =   ----    ----
   BIT SIZE         =   ----    ----
END OF MODULE INFORMATION.


C51 COMPILATION COMPLETE.  0 WARNING(S),  0 ERROR(S)
